<?xml version="1.0" encoding="UTF-8"?>
<testng-results skipped="0" failed="0" ignored="0" total="1" passed="1">
  <reporter-output>
  </reporter-output>
  <suite name="Suite" duration-ms="30449" started-at="2024-02-17T08:43:44Z" finished-at="2024-02-17T08:44:14Z">
    <groups>
    </groups>
    <test name="Test" duration-ms="30449" started-at="2024-02-17T08:43:44Z" finished-at="2024-02-17T08:44:14Z">
      <class name="example.SeleniumGridDocker">
        <test-method status="PASS" signature="startContainer()[pri:0, instance:example.SeleniumGridDocker@53f65459]" name="startContainer" is-config="true" duration-ms="15039" started-at="2024-02-17T08:43:29Z" finished-at="2024-02-17T08:43:44Z">
          <reporter-output>
          </reporter-output>
        </test-method> <!-- startContainer -->
        <test-method status="PASS" signature="testEasy()[pri:0, instance:example.SeleniumGridDocker@53f65459]" name="testEasy" duration-ms="30421" started-at="2024-02-17T08:43:44Z" finished-at="2024-02-17T08:44:14Z">
          <reporter-output>
          </reporter-output>
        </test-method> <!-- testEasy -->
        <test-method status="PASS" signature="stopContainer()[pri:0, instance:example.SeleniumGridDocker@53f65459]" name="stopContainer" is-config="true" duration-ms="15252" started-at="2024-02-17T08:44:15Z" finished-at="2024-02-17T08:44:30Z">
          <reporter-output>
          </reporter-output>
        </test-method> <!-- stopContainer -->
      </class> <!-- example.SeleniumGridDocker -->
    </test> <!-- Test -->
  </suite> <!-- Suite -->
</testng-results>
