<?xml version="1.0" encoding="UTF-8"?>
<testng-results ignored="0" total="1" passed="1" failed="0" skipped="0">
  <reporter-output>
  </reporter-output>
  <suite started-at="2024-02-17T05:10:57Z" name="Suite" finished-at="2024-02-17T05:11:15Z" duration-ms="18204">
    <groups>
    </groups>
    <test started-at="2024-02-17T05:10:57Z" name="Test" finished-at="2024-02-17T05:11:15Z" duration-ms="18204">
      <class name="example.SeleniumGridDocker">
        <test-method is-config="true" signature="startContainer()[pri:0, instance:example.SeleniumGridDocker@4b14c583]" started-at="2024-02-17T05:10:41Z" name="startContainer" finished-at="2024-02-17T05:10:57Z" duration-ms="15365" status="PASS">
          <reporter-output>
          </reporter-output>
        </test-method> <!-- startContainer -->
        <test-method signature="testEasy()[pri:0, instance:example.SeleniumGridDocker@4b14c583]" started-at="2024-02-17T05:10:57Z" name="testEasy" finished-at="2024-02-17T05:11:15Z" duration-ms="18182" status="PASS">
          <reporter-output>
          </reporter-output>
        </test-method> <!-- testEasy -->
        <test-method is-config="true" signature="stopContainer()[pri:0, instance:example.SeleniumGridDocker@4b14c583]" started-at="2024-02-17T05:11:15Z" name="stopContainer" finished-at="2024-02-17T05:11:30Z" duration-ms="15009" status="PASS">
          <reporter-output>
          </reporter-output>
        </test-method> <!-- stopContainer -->
      </class> <!-- example.SeleniumGridDocker -->
    </test> <!-- Test -->
  </suite> <!-- Suite -->
</testng-results>
