<?xml version="1.0" encoding="UTF-8"?>
<testng-results skipped="0" failed="0" ignored="0" total="2" passed="2">
  <reporter-output>
  </reporter-output>
  <suite name="Suite" duration-ms="9896" started-at="2024-02-17T05:04:55Z" finished-at="2024-02-17T05:05:04Z">
    <groups>
    </groups>
    <test name="Test" duration-ms="9896" started-at="2024-02-17T05:04:55Z" finished-at="2024-02-17T05:05:04Z">
      <class name="example.NewTest">
        <test-method status="PASS" signature="beforeTest()[pri:0, instance:example.NewTest@13eb8acf]" name="beforeTest" is-config="true" duration-ms="2431" started-at="2024-02-17T05:04:55Z" finished-at="2024-02-17T05:04:57Z">
          <reporter-output>
          </reporter-output>
        </test-method> <!-- beforeTest -->
        <test-method status="PASS" signature="testEasy()[pri:0, instance:example.NewTest@13eb8acf]" name="testEasy" duration-ms="6507" started-at="2024-02-17T05:04:57Z" finished-at="2024-02-17T05:05:04Z">
          <reporter-output>
          </reporter-output>
        </test-method> <!-- testEasy -->
        <test-method status="PASS" signature="testMethodsTwo()[pri:0, instance:example.NewTest@13eb8acf]" name="testMethodsTwo" duration-ms="19" started-at="2024-02-17T05:05:04Z" finished-at="2024-02-17T05:05:04Z">
          <reporter-output>
          </reporter-output>
        </test-method> <!-- testMethodsTwo -->
        <test-method status="PASS" signature="afterTest()[pri:0, instance:example.NewTest@13eb8acf]" name="afterTest" is-config="true" duration-ms="907" started-at="2024-02-17T05:05:04Z" finished-at="2024-02-17T05:05:04Z">
          <reporter-output>
          </reporter-output>
        </test-method> <!-- afterTest -->
      </class> <!-- example.NewTest -->
    </test> <!-- Test -->
  </suite> <!-- Suite -->
</testng-results>
